<?xml version="1.0" encoding="UTF-8"?>
<!-- Generated by org.testng.reporters.JUnitXMLReporter -->
<testsuite ignored="1" hostname="Kailash" failures="0" tests="1" name="Default test" time="110.053" errors="0" timestamp="2023-09-28T15:43:21 IST">
  <testcase classname="com.appium.Appium.DropDown" name="toastMessage" time="56.659"/>
  <testcase classname="com.appium.Appium.DropDown" name="DropDownDemo" time="0.0">
    <ignored/>
  </testcase> <!-- DropDownDemo -->
</testsuite> <!-- Default test -->
