<?xml version="1.0" encoding="UTF-8"?>
<testng-results ignored="1" total="2" passed="1" failed="0" skipped="0">
  <reporter-output>
  </reporter-output>
  <suite started-at="2023-09-28T15:41:31 IST" name="Default suite" finished-at="2023-09-28T15:43:21 IST" duration-ms="110053">
    <groups>
    </groups>
    <test started-at="2023-09-28T15:41:31 IST" name="Default test" finished-at="2023-09-28T15:43:21 IST" duration-ms="110053">
      <class name="com.appium.Appium.DropDown">
        <test-method is-config="true" signature="configureAppium()[pri:0, instance:com.appium.Appium.DropDown@74751b3]" started-at="2023-09-28T15:41:31 IST" name="configureAppium" finished-at="2023-09-28T15:42:20 IST" duration-ms="49339" status="PASS">
          <reporter-output>
          </reporter-output>
        </test-method> <!-- configureAppium -->
        <test-method signature="toastMessage()[pri:0, instance:com.appium.Appium.DropDown@74751b3]" started-at="2023-09-28T15:42:20 IST" name="toastMessage" finished-at="2023-09-28T15:43:17 IST" duration-ms="56659" status="PASS">
          <reporter-output>
          </reporter-output>
        </test-method> <!-- toastMessage -->
        <test-method is-config="true" signature="tearDown()[pri:0, instance:com.appium.Appium.DropDown@74751b3]" started-at="2023-09-28T15:43:17 IST" name="tearDown" finished-at="2023-09-28T15:43:21 IST" duration-ms="3937" status="PASS">
          <reporter-output>
          </reporter-output>
        </test-method> <!-- tearDown -->
      </class> <!-- com.appium.Appium.DropDown -->
    </test> <!-- Default test -->
  </suite> <!-- Default suite -->
</testng-results>
